2025-11-17 23:16:53,663 [INFO] Browser 'firefox' started on port 9999
2025-12-09 15:36:56,641 [WARNING] Protobuf files not found. Using placeholder classes.
2025-12-09 15:36:56,653 [WARNING] Using placeholder servicer (protobuf files not generated)
2025-12-09 15:36:56,662 [INFO] Browser Service gRPC server started on [::]:50051
2025-12-09 15:38:01,166 [INFO] Shutting down Browser Service...
2025-12-09 15:54:02,573 [WARNING] Protobuf files not found. Using placeholder classes.
2025-12-09 15:54:02,598 [WARNING] Using placeholder servicer (protobuf files not generated)
2025-12-09 15:54:02,608 [INFO] Browser Service gRPC server started on [::]:50051
2025-12-09 16:04:00,053 [INFO] Shutting down Browser Service...
2025-12-10 20:13:47,258 [WARNING] Protobuf files not found. Using placeholder classes.
2025-12-10 20:13:47,398 [WARNING] Using placeholder servicer (protobuf files not generated)
2025-12-10 20:13:47,417 [INFO] Browser Service gRPC server started on [::]:50051
2025-12-10 20:18:51,162 [WARNING] Protobuf files not found. Using placeholder classes.
2025-12-10 20:18:51,197 [WARNING] Using placeholder servicer (protobuf files not generated)
2025-12-10 20:18:51,218 [INFO] Browser Service gRPC server started on [::]:50051
2025-12-10 20:20:12,893 [WARNING] Protobuf files not found. Using placeholder classes.
2025-12-10 20:20:12,905 [WARNING] Using placeholder servicer (protobuf files not generated)
2025-12-10 20:20:12,912 [INFO] Browser Service gRPC server started on [::]:50051
2025-12-10 20:21:23,971 [INFO] Browser Service gRPC server started on [::]:50051
2025-12-10 20:23:31,706 [INFO] Browser Service gRPC server started on [::]:50051
2025-12-10 20:52:32,464 [INFO] Shutting down Browser Service...
2025-12-10 20:52:34,489 [INFO] Browser Service gRPC server started on 0.0.0.0:50051
2025-12-10 20:57:11,149 [INFO] Starting browser: firefox on port 9999
2025-12-10 20:57:11,399 [INFO] Browser 'firefox' started on port 9999
2025-12-10 20:57:11,400 [ERROR] Error starting browser: name 'StartBrowserResponse' is not defined
Traceback (most recent call last):
  File "C:\Users\hp\Desktop\school\Data-collector-ADIA\Browser-server\server.py", line 97, in StartBrowser
    response = StartBrowserResponse()
               ^^^^^^^^^^^^^^^^^^^^
NameError: name 'StartBrowserResponse' is not defined
2025-12-10 20:57:11,401 [ERROR] Exception calling application: name 'StartBrowserResponse' is not defined
Traceback (most recent call last):
  File "C:\Users\hp\Desktop\school\Data-collector-ADIA\Browser-server\server.py", line 97, in StartBrowser
    response = StartBrowserResponse()
               ^^^^^^^^^^^^^^^^^^^^
NameError: name 'StartBrowserResponse' is not defined

During handling of the above exception, another exception occurred:

Traceback (most recent call last):
  File "C:\Users\hp\AppData\Local\Programs\Python\Python313\Lib\site-packages\grpc\_server.py", line 608, in _call_behavior
    response_or_iterator = behavior(argument, context)
  File "C:\Users\hp\Desktop\school\Data-collector-ADIA\Browser-server\server.py", line 116, in StartBrowser
    response = StartBrowserResponse()
               ^^^^^^^^^^^^^^^^^^^^
NameError: name 'StartBrowserResponse' is not defined
2025-12-10 20:58:34,278 [INFO] Starting browser: firefox on port 9999
2025-12-10 20:58:34,346 [INFO] Browser 'firefox' started on port 9999
2025-12-10 20:58:34,347 [ERROR] Error starting browser: name 'StartBrowserResponse' is not defined
Traceback (most recent call last):
  File "C:\Users\hp\Desktop\school\Data-collector-ADIA\Browser-server\server.py", line 97, in StartBrowser
    response = StartBrowserResponse()
               ^^^^^^^^^^^^^^^^^^^^
NameError: name 'StartBrowserResponse' is not defined
2025-12-10 20:58:34,349 [ERROR] Exception calling application: name 'StartBrowserResponse' is not defined
Traceback (most recent call last):
  File "C:\Users\hp\Desktop\school\Data-collector-ADIA\Browser-server\server.py", line 97, in StartBrowser
    response = StartBrowserResponse()
               ^^^^^^^^^^^^^^^^^^^^
NameError: name 'StartBrowserResponse' is not defined

During handling of the above exception, another exception occurred:

Traceback (most recent call last):
  File "C:\Users\hp\AppData\Local\Programs\Python\Python313\Lib\site-packages\grpc\_server.py", line 608, in _call_behavior
    response_or_iterator = behavior(argument, context)
  File "C:\Users\hp\Desktop\school\Data-collector-ADIA\Browser-server\server.py", line 116, in StartBrowser
    response = StartBrowserResponse()
               ^^^^^^^^^^^^^^^^^^^^
NameError: name 'StartBrowserResponse' is not defined
2025-12-10 20:58:51,875 [INFO] Shutting down Browser Service...
2025-12-10 20:59:01,903 [INFO] Browser Service gRPC server started on 0.0.0.0:50051
2025-12-10 20:59:14,369 [INFO] Shutting down Browser Service...
2025-12-28 14:00:12,039 [INFO] Browser Service gRPC server started on 0.0.0.0:50051
2025-12-28 14:02:50,683 [INFO] Starting browser: firefox on port 9999
2025-12-28 14:02:50,768 [INFO] Browser 'firefox' started on port 9999
2025-12-28 14:02:50,768 [ERROR] Error starting browser: name 'StartBrowserResponse' is not defined
Traceback (most recent call last):
  File "C:\Users\hp\Desktop\school\Data-collector-ADIA\Browser-server\server.py", line 97, in StartBrowser
    response = StartBrowserResponse()
               ^^^^^^^^^^^^^^^^^^^^
NameError: name 'StartBrowserResponse' is not defined
2025-12-28 14:02:50,770 [ERROR] Exception calling application: name 'StartBrowserResponse' is not defined
Traceback (most recent call last):
  File "C:\Users\hp\Desktop\school\Data-collector-ADIA\Browser-server\server.py", line 97, in StartBrowser
    response = StartBrowserResponse()
               ^^^^^^^^^^^^^^^^^^^^
NameError: name 'StartBrowserResponse' is not defined

During handling of the above exception, another exception occurred:

Traceback (most recent call last):
  File "C:\Users\hp\AppData\Local\Programs\Python\Python313\Lib\site-packages\grpc\_server.py", line 608, in _call_behavior
    response_or_iterator = behavior(argument, context)
  File "C:\Users\hp\Desktop\school\Data-collector-ADIA\Browser-server\server.py", line 116, in StartBrowser
    response = StartBrowserResponse()
               ^^^^^^^^^^^^^^^^^^^^
NameError: name 'StartBrowserResponse' is not defined
2025-12-28 14:02:50,786 [INFO] Stopping browser on port 9999
2025-12-28 14:02:50,787 [INFO] Browser on port 9999 terminated.
2025-12-28 14:02:50,787 [ERROR] Error stopping browser: name 'StopBrowserResponse' is not defined
Traceback (most recent call last):
  File "C:\Users\hp\Desktop\school\Data-collector-ADIA\Browser-server\server.py", line 129, in StopBrowser
    response = StopBrowserResponse()
               ^^^^^^^^^^^^^^^^^^^
NameError: name 'StopBrowserResponse' is not defined
2025-12-28 14:02:50,788 [ERROR] Exception calling application: name 'StopBrowserResponse' is not defined
Traceback (most recent call last):
  File "C:\Users\hp\Desktop\school\Data-collector-ADIA\Browser-server\server.py", line 129, in StopBrowser
    response = StopBrowserResponse()
               ^^^^^^^^^^^^^^^^^^^
NameError: name 'StopBrowserResponse' is not defined

During handling of the above exception, another exception occurred:

Traceback (most recent call last):
  File "C:\Users\hp\AppData\Local\Programs\Python\Python313\Lib\site-packages\grpc\_server.py", line 608, in _call_behavior
    response_or_iterator = behavior(argument, context)
  File "C:\Users\hp\Desktop\school\Data-collector-ADIA\Browser-server\server.py", line 135, in StopBrowser
    response = StopBrowserResponse()
               ^^^^^^^^^^^^^^^^^^^
NameError: name 'StopBrowserResponse' is not defined
2025-12-28 14:05:05,337 [INFO] Browser Service gRPC server started on 0.0.0.0:50051
2025-12-28 14:11:50,183 [INFO] Starting browser: firefox on port 9999
2025-12-28 14:11:50,190 [INFO] Browser 'firefox' started on port 9999
2025-12-28 14:11:55,041 [INFO] Stopping browser on port 9999
2025-12-28 14:11:55,042 [INFO] Browser on port 9999 terminated.
2025-12-28 14:13:49,665 [INFO] Shutting down Browser Service...
2025-12-28 14:13:52,167 [INFO] Browser Service gRPC server started on 0.0.0.0:50051
2025-12-28 14:14:35,740 [INFO] Starting browser: firefox on port 9999
2025-12-28 14:14:35,750 [INFO] Browser 'firefox' started on port 9999
2025-12-28 14:14:39,456 [INFO] Stopping browser on port 9999
2025-12-28 14:14:39,456 [INFO] Browser on port 9999 was already stopped.
2025-12-28 14:39:09,823 [INFO] Browser Service gRPC server started on 127.0.0.1:50051
2025-12-28 14:39:47,841 [INFO] Starting browser: chromium on port 9999
2025-12-28 15:24:44,295 [INFO] Shutting down Browser Service...
2025-12-28 15:31:28,785 [INFO] Browser Service gRPC server started on 127.0.0.1:50061
2025-12-28 15:32:36,642 [INFO] Starting browser: chromium on port 9999
2025-12-28 15:32:43,963 [INFO] Browser 'chromium' started with CDP on port 9999
2025-12-28 15:32:48,471 [INFO] Stopping browser on port 9999
2025-12-28 15:32:48,753 [INFO] Browser on port 9999 terminated.
2025-12-28 15:32:49,822 [INFO] Cleaned up user data directory: C:\Users\hp\AppData\Local\Temp\browser-use-chromium-9999-x80z1761
2025-12-28 15:33:17,206 [INFO] Starting browser: chromium on port 9999
2025-12-28 15:33:19,714 [INFO] Browser 'chromium' started with CDP on port 9999
2025-12-28 15:33:25,157 [INFO] Stopping browser on port 9999
2025-12-28 15:33:25,366 [INFO] Browser on port 9999 terminated.
2025-12-28 15:33:26,454 [INFO] Cleaned up user data directory: C:\Users\hp\AppData\Local\Temp\browser-use-chromium-9999-qjfnd5eb
2025-12-28 15:34:22,827 [INFO] Browser Service gRPC server started on 0.0.0.0:50051
2025-12-28 15:34:31,300 [INFO] Starting browser: chromium on port 9999
2025-12-28 15:34:33,808 [INFO] Browser 'chromium' started with CDP on port 9999
2025-12-28 15:34:39,356 [INFO] Stopping browser on port 9999
2025-12-28 15:34:39,616 [INFO] Browser on port 9999 terminated.
2025-12-28 15:34:40,699 [INFO] Cleaned up user data directory: C:\Users\hp\AppData\Local\Temp\browser-use-chromium-9999-10pd31o8
2025-12-28 15:40:56,125 [INFO] Browser Service gRPC server started on 0.0.0.0:50061
2025-12-28 15:41:58,080 [INFO] Starting browser: firefox on port 9999
2025-12-28 15:42:00,904 [INFO] Browser 'firefox' started with CDP on port 9999
2025-12-28 15:42:07,803 [INFO] Stopping browser on port 9999
2025-12-28 15:42:07,804 [INFO] Browser on port 9999 was already stopped.
2025-12-28 15:42:08,806 [INFO] Cleaned up user data directory: C:\Users\hp\AppData\Local\Temp\browser-use-firefox-9999-oavdc4i0
2025-12-28 15:44:40,699 [INFO] Browser Service gRPC server started on 0.0.0.0:50061
2025-12-28 15:45:04,476 [INFO] Starting browser: firefox on port 9999
2025-12-28 15:45:07,284 [INFO] Browser 'firefox' started with CDP on port 9999
2025-12-28 15:45:11,779 [INFO] Stopping browser on port 9999
2025-12-28 15:45:11,779 [INFO] Browser on port 9999 was already stopped.
2025-12-28 15:45:12,780 [INFO] Cleaned up user data directory: C:\Users\hp\AppData\Local\Temp\browser-use-firefox-9999-utn45a76
2025-12-28 15:51:47,826 [INFO] Shutting down Browser Service...
2025-12-28 15:51:50,009 [INFO] Browser Service gRPC server started on 0.0.0.0:50061
2025-12-28 15:52:23,672 [INFO] Starting browser: firefox on port 9999
2025-12-28 15:52:26,438 [INFO] Browser 'firefox' started with CDP on port 9999
2025-12-28 15:52:29,928 [INFO] Stopping browser on port 9999
2025-12-28 15:52:29,929 [INFO] Browser on port 9999 was already stopped.
2025-12-28 15:52:30,931 [INFO] Cleaned up user data directory: C:\Users\hp\AppData\Local\Temp\browser-use-firefox-9999-of3eh5ab
2025-12-28 15:57:06,039 [INFO] Shutting down Browser Service...
2025-12-28 15:57:13,758 [INFO] Browser Service gRPC server started on 0.0.0.0:50061
2025-12-28 15:57:35,671 [INFO] Starting browser: firefox on port 9999
2025-12-28 15:57:38,334 [INFO] Browser 'firefox' started with CDP on port 9999
2025-12-28 15:57:40,661 [INFO] Stopping browser on port 9999
2025-12-28 15:57:40,667 [INFO] Browser on port 9999 terminated.
2025-12-28 15:57:41,709 [INFO] Cleaned up user data directory: C:\Users\hp\AppData\Local\Temp\browser-use-firefox-9999-5myhdgal
2025-12-28 15:58:26,930 [INFO] Starting browser: firefox on port 9999
2025-12-28 15:58:26,946 [INFO] Stopping browser on port 9999
2025-12-28 15:58:36,248 [INFO] Shutting down Browser Service...
2025-12-28 15:58:39,085 [INFO] Browser Service gRPC server started on 0.0.0.0:50061
2025-12-28 15:58:58,082 [INFO] Starting browser: chrome on port 9999
2025-12-28 15:58:58,117 [INFO] Stopping browser on port 9999
2025-12-28 15:59:22,848 [INFO] Starting browser: chrome on port 9999
2025-12-28 15:59:22,882 [INFO] Stopping browser on port 9999
2025-12-28 16:02:17,993 [INFO] Shutting down Browser Service...
2025-12-28 16:02:20,258 [INFO] Browser Service gRPC server started on 0.0.0.0:50061
2025-12-28 16:02:33,267 [INFO] Starting browser: firefox on port 9999
2025-12-28 16:02:36,182 [INFO] Browser 'firefox' started with CDP on port 9999
2025-12-28 16:02:38,013 [INFO] Stopping browser on port 9999
2025-12-28 16:02:38,018 [INFO] Browser on port 9999 terminated.
2025-12-28 16:02:39,102 [INFO] Cleaned up user data directory: C:\Users\hp\AppData\Local\Temp\browser-use-firefox-9999-3t0ql3k7
2025-12-28 16:04:27,839 [INFO] Starting browser: firefox on port 9999
2025-12-28 16:04:27,852 [INFO] Port 9999 was in use or reserved. Using port 10000 instead.
2025-12-28 16:04:30,814 [INFO] Browser 'firefox' started with CDP on port 10000
2025-12-28 16:04:33,118 [INFO] Stopping browser on port 9999
2025-12-28 16:06:54,480 [INFO] Shutting down Browser Service...
2025-12-28 16:06:56,790 [INFO] Browser Service gRPC server started on 0.0.0.0:50061
2025-12-28 16:07:12,983 [INFO] Starting browser: firefox on port 9999
2025-12-28 16:07:15,741 [INFO] Browser 'firefox' started with CDP on port 9999
2025-12-28 16:07:17,280 [INFO] Stopping browser on port 9999
2025-12-28 16:07:17,284 [INFO] Browser on port 9999 terminated.
2025-12-28 16:07:18,356 [INFO] Cleaned up user data directory: C:\Users\hp\AppData\Local\Temp\browser-use-firefox-9999-bhms525g
2025-12-28 16:08:33,707 [INFO] Starting browser: firefox on port 9999
2025-12-28 16:08:36,573 [INFO] Browser 'firefox' started with CDP on port 9999
2025-12-28 16:08:38,068 [INFO] Stopping browser on port 9999
2025-12-28 16:08:38,072 [INFO] Browser on port 9999 terminated.
2025-12-28 16:08:39,109 [INFO] Cleaned up user data directory: C:\Users\hp\AppData\Local\Temp\browser-use-firefox-9999-w15bgicu
2025-12-28 16:10:25,925 [INFO] Shutting down Browser Service...
2025-12-28 16:10:29,142 [INFO] Browser Service gRPC server started on 0.0.0.0:50061
2025-12-28 16:10:36,140 [INFO] Starting browser: firefox on port 9999
2025-12-28 16:10:39,064 [INFO] Browser 'firefox' started with CDP on port 9999
2025-12-28 16:10:40,573 [INFO] HTTP Request: GET http://127.0.0.1:9999/json/version "HTTP/1.1 404 Not Found"
2025-12-28 16:10:40,611 [INFO] Querying http://127.0.0.1:9999/json/version - Status: 404
2025-12-28 16:10:40,612 [WARNING] Got status 404, response: <html>                    <head><title>404 Not Found</title></head>                    <body>                      <h1>404 Not Found</h1>                      <p>                        <span style='f
2025-12-28 16:10:41,894 [INFO] Stopping browser on port 9999
2025-12-28 16:10:41,898 [INFO] Browser on port 9999 terminated.
2025-12-28 16:10:42,981 [INFO] Cleaned up user data directory: C:\Users\hp\AppData\Local\Temp\browser-use-firefox-9999-vzid44v6
2025-12-28 16:11:50,912 [INFO] Starting browser: chrome on port 9999
2025-12-28 16:11:53,763 [INFO] Browser 'chrome' started with CDP on port 9999
2025-12-28 16:11:54,252 [INFO] HTTP Request: GET http://127.0.0.1:9999/json/version "HTTP/1.1 200 OK"
2025-12-28 16:11:54,252 [INFO] Querying http://127.0.0.1:9999/json/version - Status: 200
2025-12-28 16:11:54,252 [INFO] Response data: {'Browser': 'Chrome/140.0.7339.16', 'Protocol-Version': '1.3', 'User-Agent': 'Mozilla/5.0 (Windows NT 10.0; Win64; x64) AppleWebKit/537.36 (KHTML, like Gecko) Chrome/140.0.0.0 Safari/537.36', 'V8-Version': '14.0.365.1', 'WebKit-Version': '537.36 (@b50d93d6db089ce82ddf985f059aa524051fcb2a)', 'webSocketDebuggerUrl': 'ws://127.0.0.1:9999/devtools/browser/f02bff14-5289-4865-9265-5fcf7eb52ec8'}
2025-12-28 16:11:54,252 [INFO] Found WebSocket URL: ws://127.0.0.1:9999/devtools/browser/f02bff14-5289-4865-9265-5fcf7eb52ec8
2025-12-28 16:12:53,125 [INFO] Stopping browser on port 9999
2025-12-28 16:12:53,527 [INFO] Browser on port 9999 terminated.
2025-12-28 16:12:54,654 [INFO] Cleaned up user data directory: C:\Users\hp\AppData\Local\Temp\browser-use-chrome-9999-hr2enolh
2025-12-28 16:17:22,498 [INFO] Starting browser: firefox on port 9999
2025-12-28 16:17:25,529 [INFO] Browser 'firefox' started with CDP on port 9999
2025-12-28 16:17:27,006 [INFO] HTTP Request: GET http://127.0.0.1:9999/json/version "HTTP/1.1 404 Not Found"
2025-12-28 16:17:27,056 [INFO] Querying http://127.0.0.1:9999/json/version - Status: 404
2025-12-28 16:17:27,057 [WARNING] Got status 404, response: <html>                    <head><title>404 Not Found</title></head>                    <body>                      <h1>404 Not Found</h1>                      <p>                        <span style='f
2025-12-28 16:17:28,652 [INFO] Stopping browser on port 9999
2025-12-28 16:17:28,657 [INFO] Browser on port 9999 terminated.
2025-12-28 16:17:29,748 [INFO] Cleaned up user data directory: C:\Users\hp\AppData\Local\Temp\browser-use-firefox-9999-zm5paial
2025-12-28 16:17:34,862 [INFO] Starting browser: chrome on port 9999
2025-12-28 16:17:37,682 [INFO] Browser 'chrome' started with CDP on port 9999
2025-12-28 16:17:38,230 [INFO] HTTP Request: GET http://127.0.0.1:9999/json/version "HTTP/1.1 200 OK"
2025-12-28 16:17:38,231 [INFO] Querying http://127.0.0.1:9999/json/version - Status: 200
2025-12-28 16:17:38,231 [INFO] Response data: {'Browser': 'Chrome/140.0.7339.16', 'Protocol-Version': '1.3', 'User-Agent': 'Mozilla/5.0 (Windows NT 10.0; Win64; x64) AppleWebKit/537.36 (KHTML, like Gecko) Chrome/140.0.0.0 Safari/537.36', 'V8-Version': '14.0.365.1', 'WebKit-Version': '537.36 (@b50d93d6db089ce82ddf985f059aa524051fcb2a)', 'webSocketDebuggerUrl': 'ws://127.0.0.1:9999/devtools/browser/0b5309ad-8065-4dcf-b23e-f5b01e85b731'}
2025-12-28 16:17:38,231 [INFO] Found WebSocket URL: ws://127.0.0.1:9999/devtools/browser/0b5309ad-8065-4dcf-b23e-f5b01e85b731
2025-12-28 16:17:43,277 [INFO] Stopping browser on port 9999
2025-12-28 16:17:43,607 [INFO] Browser on port 9999 terminated.
2025-12-28 16:17:44,789 [INFO] Cleaned up user data directory: C:\Users\hp\AppData\Local\Temp\browser-use-chrome-9999-3eo6fm7s
2025-12-28 16:22:54,098 [INFO] Shutting down Browser Service...
2025-12-28 16:22:56,659 [INFO] Browser Service gRPC server started on 0.0.0.0:50061
2025-12-28 16:23:09,912 [INFO] Starting browser: chrome on port 9999
2025-12-28 16:23:12,820 [INFO] Browser 'chrome' started with CDP on port 9999
2025-12-28 16:23:13,854 [INFO] HTTP Request: GET http://127.0.0.1:9999/json/version "HTTP/1.1 200 OK"
2025-12-28 16:23:13,855 [INFO] Querying http://127.0.0.1:9999/json/version - Status: 200
2025-12-28 16:23:13,855 [INFO] Response data: {'Browser': 'Chrome/140.0.7339.16', 'Protocol-Version': '1.3', 'User-Agent': 'Mozilla/5.0 (Windows NT 10.0; Win64; x64) AppleWebKit/537.36 (KHTML, like Gecko) Chrome/140.0.0.0 Safari/537.36', 'V8-Version': '14.0.365.1', 'WebKit-Version': '537.36 (@b50d93d6db089ce82ddf985f059aa524051fcb2a)', 'webSocketDebuggerUrl': 'ws://127.0.0.1:9999/devtools/browser/7f4deb49-115f-4aaa-8805-6dfa3c0aa36f'}
2025-12-28 16:23:13,855 [INFO] Found WebSocket URL: ws://127.0.0.1:9999/devtools/browser/7f4deb49-115f-4aaa-8805-6dfa3c0aa36f
2025-12-28 16:23:18,811 [INFO] Stopping browser on port 9999
2025-12-28 16:23:19,176 [INFO] Browser on port 9999 terminated.
2025-12-28 16:23:20,453 [INFO] Cleaned up user data directory: C:\Users\hp\AppData\Local\Temp\browser-use-chrome-9999-xbce_6rg
2025-12-28 16:25:16,450 [INFO] Shutting down Browser Service...
2025-12-28 16:25:19,383 [INFO] Browser Service gRPC server started on 0.0.0.0:50061
2025-12-28 16:26:09,123 [INFO] Starting browser: chrome on port 9999
2025-12-28 16:26:11,949 [INFO] Browser 'chrome' started with CDP on port 9999
2025-12-28 16:26:13,547 [INFO] HTTP Request: GET http://127.0.0.1:9999/json/version "HTTP/1.1 200 OK"
2025-12-28 16:26:13,548 [INFO] Querying http://127.0.0.1:9999/json/version - Status: 200
2025-12-28 16:26:13,548 [INFO] Response data: {'Browser': 'Chrome/140.0.7339.16', 'Protocol-Version': '1.3', 'User-Agent': 'Mozilla/5.0 (Windows NT 10.0; Win64; x64) AppleWebKit/537.36 (KHTML, like Gecko) Chrome/140.0.0.0 Safari/537.36', 'V8-Version': '14.0.365.1', 'WebKit-Version': '537.36 (@b50d93d6db089ce82ddf985f059aa524051fcb2a)', 'webSocketDebuggerUrl': 'ws://127.0.0.1:9999/devtools/browser/5fcb31a9-d2d8-45ac-8733-fd12ef66bbfc'}
2025-12-28 16:26:13,548 [INFO] Found WebSocket URL: ws://127.0.0.1:9999/devtools/browser/5fcb31a9-d2d8-45ac-8733-fd12ef66bbfc
2025-12-28 16:26:19,179 [INFO] Stopping browser on port 9999
2025-12-28 16:26:19,565 [INFO] Browser on port 9999 terminated.
2025-12-28 16:26:20,696 [INFO] Cleaned up user data directory: C:\Users\hp\AppData\Local\Temp\browser-use-chrome-9999-w7t_n7qg
2025-12-28 16:31:31,940 [INFO] Starting browser: chrome on port 9999
2025-12-28 16:31:34,685 [INFO] Browser 'chrome' started with CDP on port 9999
2025-12-28 16:31:35,683 [INFO] HTTP Request: GET http://127.0.0.1:9999/json/version "HTTP/1.1 200 OK"
2025-12-28 16:31:35,684 [INFO] Querying http://127.0.0.1:9999/json/version - Status: 200
2025-12-28 16:31:35,684 [INFO] Response data: {'Browser': 'Chrome/140.0.7339.16', 'Protocol-Version': '1.3', 'User-Agent': 'Mozilla/5.0 (Windows NT 10.0; Win64; x64) AppleWebKit/537.36 (KHTML, like Gecko) Chrome/140.0.0.0 Safari/537.36', 'V8-Version': '14.0.365.1', 'WebKit-Version': '537.36 (@b50d93d6db089ce82ddf985f059aa524051fcb2a)', 'webSocketDebuggerUrl': 'ws://127.0.0.1:9999/devtools/browser/5b54dafb-2ddd-4b2e-ab5a-6b1904468b61'}
2025-12-28 16:31:35,685 [INFO] Found WebSocket URL: ws://127.0.0.1:9999/devtools/browser/5b54dafb-2ddd-4b2e-ab5a-6b1904468b61
2025-12-28 16:31:42,606 [INFO] Stopping browser on port 9999
2025-12-28 16:31:43,025 [INFO] Browser on port 9999 terminated.
2025-12-28 16:31:44,334 [INFO] Cleaned up user data directory: C:\Users\hp\AppData\Local\Temp\browser-use-chrome-9999-ubb7ygdx
2025-12-28 16:36:16,569 [INFO] Starting browser: chrome on port 9999
2025-12-28 16:36:19,333 [INFO] Browser 'chrome' started with CDP on port 9999
2025-12-28 16:36:20,018 [INFO] HTTP Request: GET http://127.0.0.1:9999/json/version "HTTP/1.1 200 OK"
2025-12-28 16:36:20,018 [INFO] Querying http://127.0.0.1:9999/json/version - Status: 200
2025-12-28 16:36:20,018 [INFO] Response data: {'Browser': 'Chrome/140.0.7339.16', 'Protocol-Version': '1.3', 'User-Agent': 'Mozilla/5.0 (Windows NT 10.0; Win64; x64) AppleWebKit/537.36 (KHTML, like Gecko) Chrome/140.0.0.0 Safari/537.36', 'V8-Version': '14.0.365.1', 'WebKit-Version': '537.36 (@b50d93d6db089ce82ddf985f059aa524051fcb2a)', 'webSocketDebuggerUrl': 'ws://127.0.0.1:9999/devtools/browser/7edecec2-1e06-42cc-896b-e749a0a9ddc5'}
2025-12-28 16:36:20,018 [INFO] Found WebSocket URL: ws://127.0.0.1:9999/devtools/browser/7edecec2-1e06-42cc-896b-e749a0a9ddc5
2025-12-28 16:36:25,605 [INFO] Stopping browser on port 9999
2025-12-28 16:36:26,188 [INFO] Browser on port 9999 terminated.
2025-12-28 16:36:27,317 [INFO] Cleaned up user data directory: C:\Users\hp\AppData\Local\Temp\browser-use-chrome-9999-2bscbsom
2025-12-28 16:38:45,556 [INFO] Starting browser: chrome on port 9999
2025-12-28 16:38:48,503 [INFO] Browser 'chrome' started with CDP on port 9999
2025-12-28 16:38:49,272 [INFO] HTTP Request: GET http://127.0.0.1:9999/json/version "HTTP/1.1 200 OK"
2025-12-28 16:38:49,272 [INFO] Querying http://127.0.0.1:9999/json/version - Status: 200
2025-12-28 16:38:49,272 [INFO] Response data: {'Browser': 'Chrome/140.0.7339.16', 'Protocol-Version': '1.3', 'User-Agent': 'Mozilla/5.0 (Windows NT 10.0; Win64; x64) AppleWebKit/537.36 (KHTML, like Gecko) Chrome/140.0.0.0 Safari/537.36', 'V8-Version': '14.0.365.1', 'WebKit-Version': '537.36 (@b50d93d6db089ce82ddf985f059aa524051fcb2a)', 'webSocketDebuggerUrl': 'ws://127.0.0.1:9999/devtools/browser/d88e6a66-5b8f-4651-8340-265069f7b236'}
2025-12-28 16:38:49,273 [INFO] Found WebSocket URL: ws://127.0.0.1:9999/devtools/browser/d88e6a66-5b8f-4651-8340-265069f7b236
2025-12-28 16:39:12,998 [INFO] Stopping browser on port 9999
2025-12-28 16:39:13,355 [INFO] Browser on port 9999 terminated.
2025-12-28 16:39:14,687 [INFO] Cleaned up user data directory: C:\Users\hp\AppData\Local\Temp\browser-use-chrome-9999-lt6x2p6x
2025-12-28 16:45:39,048 [INFO] Starting browser: chrome on port 9999
2025-12-28 16:45:41,974 [INFO] Browser 'chrome' started with CDP on port 9999
2025-12-28 16:45:42,863 [INFO] HTTP Request: GET http://127.0.0.1:9999/json/version "HTTP/1.1 200 OK"
2025-12-28 16:45:42,864 [INFO] Querying http://127.0.0.1:9999/json/version - Status: 200
2025-12-28 16:45:42,864 [INFO] Response data: {'Browser': 'Chrome/140.0.7339.16', 'Protocol-Version': '1.3', 'User-Agent': 'Mozilla/5.0 (Windows NT 10.0; Win64; x64) AppleWebKit/537.36 (KHTML, like Gecko) Chrome/140.0.0.0 Safari/537.36', 'V8-Version': '14.0.365.1', 'WebKit-Version': '537.36 (@b50d93d6db089ce82ddf985f059aa524051fcb2a)', 'webSocketDebuggerUrl': 'ws://127.0.0.1:9999/devtools/browser/79172727-676f-4159-9654-d43a55e03e82'}
2025-12-28 16:45:42,864 [INFO] Found WebSocket URL: ws://127.0.0.1:9999/devtools/browser/79172727-676f-4159-9654-d43a55e03e82
2025-12-28 16:46:21,009 [INFO] Stopping browser on port 9999
2025-12-28 16:46:21,346 [INFO] Browser on port 9999 terminated.
2025-12-28 16:46:22,634 [INFO] Cleaned up user data directory: C:\Users\hp\AppData\Local\Temp\browser-use-chrome-9999-0pge1k2y
2025-12-28 16:54:12,116 [INFO] Starting browser: chrome on port 9999
2025-12-28 16:54:14,859 [INFO] Browser 'chrome' started with CDP on port 9999
2025-12-28 16:54:15,476 [INFO] HTTP Request: GET http://127.0.0.1:9999/json/version "HTTP/1.1 200 OK"
2025-12-28 16:54:15,477 [INFO] Querying http://127.0.0.1:9999/json/version - Status: 200
2025-12-28 16:54:15,477 [INFO] Response data: {'Browser': 'Chrome/140.0.7339.16', 'Protocol-Version': '1.3', 'User-Agent': 'Mozilla/5.0 (Windows NT 10.0; Win64; x64) AppleWebKit/537.36 (KHTML, like Gecko) Chrome/140.0.0.0 Safari/537.36', 'V8-Version': '14.0.365.1', 'WebKit-Version': '537.36 (@b50d93d6db089ce82ddf985f059aa524051fcb2a)', 'webSocketDebuggerUrl': 'ws://127.0.0.1:9999/devtools/browser/27b82052-5a3a-43a6-bfb0-2f51e8a4aaea'}
2025-12-28 16:54:15,478 [INFO] Found WebSocket URL: ws://127.0.0.1:9999/devtools/browser/27b82052-5a3a-43a6-bfb0-2f51e8a4aaea
2025-12-28 16:54:40,775 [INFO] Stopping browser on port 9999
2025-12-28 16:54:41,278 [INFO] Browser on port 9999 terminated.
2025-12-28 16:54:42,461 [INFO] Cleaned up user data directory: C:\Users\hp\AppData\Local\Temp\browser-use-chrome-9999-6drsmtl5
2025-12-28 16:55:57,612 [INFO] Starting browser: chrome on port 9999
2025-12-28 16:56:00,360 [INFO] Browser 'chrome' started with CDP on port 9999
2025-12-28 16:56:01,109 [INFO] HTTP Request: GET http://127.0.0.1:9999/json/version "HTTP/1.1 200 OK"
2025-12-28 16:56:01,109 [INFO] Querying http://127.0.0.1:9999/json/version - Status: 200
2025-12-28 16:56:01,109 [INFO] Response data: {'Browser': 'Chrome/140.0.7339.16', 'Protocol-Version': '1.3', 'User-Agent': 'Mozilla/5.0 (Windows NT 10.0; Win64; x64) AppleWebKit/537.36 (KHTML, like Gecko) Chrome/140.0.0.0 Safari/537.36', 'V8-Version': '14.0.365.1', 'WebKit-Version': '537.36 (@b50d93d6db089ce82ddf985f059aa524051fcb2a)', 'webSocketDebuggerUrl': 'ws://127.0.0.1:9999/devtools/browser/12d4980d-26e8-4a03-9645-1b94298b22db'}
2025-12-28 16:56:01,110 [INFO] Found WebSocket URL: ws://127.0.0.1:9999/devtools/browser/12d4980d-26e8-4a03-9645-1b94298b22db
2025-12-28 16:57:07,686 [INFO] Stopping browser on port 9999
2025-12-28 16:57:08,089 [INFO] Browser on port 9999 terminated.
2025-12-28 16:57:09,240 [INFO] Cleaned up user data directory: C:\Users\hp\AppData\Local\Temp\browser-use-chrome-9999-orzgto6t
2025-12-28 17:35:11,315 [INFO] Shutting down Browser Service...
